<?xml version="1.0" encoding="UTF-8"?>
<!-- Generated by org.testng.reporters.JUnitReportReporter -->
<testsuite skipped="0" hostname="DESKTOP-BP7NV3R" name="com.crm.contactTest.CreateContactWithDEatiledOrganisatio" tests="2" failures="0" timestamp="2021-12-27T23:29:05 IST" time="52.066" errors="0">
  <testcase name="creatContactWotOrgIndType" time="21.686" classname="com.crm.contactTest.CreateContactWithDEatiledOrganisatio"/>
  <system-out/>
  <testcase name="creatContactWotOrgIndType" time="30.380" classname="com.crm.contactTest.CreateContactWithDEatiledOrganisatio"/>
  <system-out/>
</testsuite> <!-- com.crm.contactTest.CreateContactWithDEatiledOrganisatio -->
