<?xml version="1.0" encoding="UTF-8"?>
<!-- Generated by org.testng.reporters.JUnitReportReporter -->
<testsuite skipped="0" hostname="DESKTOP-BP7NV3R" name="com.crm.organasation.GetDataFromPropertiesFile" tests="2" failures="0" timestamp="2021-12-27T23:29:05 IST" time="31.726" errors="0">
  <testcase name="createOrg" time="15.136" classname="com.crm.organasation.GetDataFromPropertiesFile"/>
  <system-out/>
  <testcase name="createOrg" time="16.590" classname="com.crm.organasation.GetDataFromPropertiesFile"/>
  <system-out/>
</testsuite> <!-- com.crm.organasation.GetDataFromPropertiesFile -->
