<?xml version="1.0" encoding="UTF-8"?>
<!-- Generated by org.testng.reporters.JUnitReportReporter -->
<testsuite skipped="0" hostname="DESKTOP-BP7NV3R" name="Practice.DataProvoider5by3" tests="5" failures="0" timestamp="2021-12-24T09:46:41 IST" time="0.013" errors="0">
  <testcase name="readDataFromDataProviderTest" time="0.003" classname="Practice.DataProvoider5by3"/>
  <system-out/>
  <testcase name="readDataFromDataProviderTest" time="0.001" classname="Practice.DataProvoider5by3"/>
  <system-out/>
  <testcase name="readDataFromDataProviderTest" time="0.001" classname="Practice.DataProvoider5by3"/>
  <system-out/>
  <testcase name="readDataFromDataProviderTest" time="0.007" classname="Practice.DataProvoider5by3"/>
  <system-out/>
  <testcase name="readDataFromDataProviderTest" time="0.001" classname="Practice.DataProvoider5by3"/>
  <system-out/>
</testsuite> <!-- Practice.DataProvoider5by3 -->
