<?xml version="1.0" encoding="UTF-8"?>
<!-- Generated by org.testng.reporters.JUnitReportReporter -->
<testsuite skipped="0" hostname="DESKTOP-BP7NV3R" name="Practice.DataProviderTestNg" tests="3" failures="0" timestamp="2021-12-23T17:45:13 IST" time="0.015" errors="0">
  <testcase name="readDataFromDataProviderTest" time="0.003" classname="Practice.DataProviderTestNg"/>
  <system-out/>
  <testcase name="readDataFromDataProviderTest" time="0.003" classname="Practice.DataProviderTestNg"/>
  <system-out/>
  <testcase name="readDataFromDataProviderTest" time="0.009" classname="Practice.DataProviderTestNg"/>
  <system-out/>
</testsuite> <!-- Practice.DataProviderTestNg -->
