<?xml version="1.0" encoding="UTF-8"?>
<!-- Generated by org.testng.reporters.JUnitReportReporter -->
<testsuite skipped="0" hostname="DESKTOP-BP7NV3R" name="com.crm.contact.CreatContactWithOrganisation" tests="1" failures="0" timestamp="2021-12-27T22:52:37 IST" time="19.023" errors="0">
  <testcase name="createContactWithOrganisation" time="19.023" classname="com.crm.contact.CreatContactWithOrganisation"/>
  <system-out/>
</testsuite> <!-- com.crm.contact.CreatContactWithOrganisation -->
