<?xml version="1.0" encoding="UTF-8"?>
<!-- Generated by org.testng.reporters.JUnitReportReporter -->
<testsuite skipped="0" hostname="DESKTOP-BP7NV3R" name="Practice.CraeteContactWithOrganisationPOM" tests="2" failures="0" timestamp="2021-12-27T23:18:46 IST" time="31.551" errors="0">
  <testcase name="printMethod" time="6.491" classname="Practice.CraeteContactWithOrganisationPOM"/>
  <system-out/>
  <testcase name="createcontactWithOrgTestcase1" time="25.060" classname="Practice.CraeteContactWithOrganisationPOM"/>
  <system-out/>
</testsuite> <!-- Practice.CraeteContactWithOrganisationPOM -->
